# JRE version: Java(TM) SE Runtime Environment (8.0_191-b12) (build 1.8.0_191-b12)
# Java VM: Java HotSpot(TM) 64-Bit Server VM (25.191-b12 mixed mode windows-amd64 compressed oops)
Heap:
 PSYoungGen      total 315904K, used 269289K [0x00000000eb500000, 0x00000000ff600000, 0x0000000100000000)
  eden space 304128K, 88% used [0x00000000eb500000,0x00000000fbbfa6e0,0x00000000fde00000)
  from space 11776K, 0% used [0x00000000fea80000,0x00000000fea80000,0x00000000ff600000)
  to   space 12288K, 0% used [0x00000000fde00000,0x00000000fde00000,0x00000000fea00000)
 ParOldGen       total 72704K, used 53862K [0x00000000c1e00000, 0x00000000c6500000, 0x00000000eb500000)
  object space 72704K, 74% used [0x00000000c1e00000,0x00000000c5299b98,0x00000000c6500000)
 Metaspace       used 76096K, capacity 81292K, committed 81496K, reserved 1120256K
  class space    used 9712K, capacity 10623K, committed 10624K, reserved 1048576K
GC Heap History (10 events):
Event: 2456.684 GC heap before
{Heap before GC invocations=41 (full 13):
 PSYoungGen      total 317440K, used 6503K [0x00000000eb500000, 0x00000000ff900000, 0x0000000100000000)
  eden space 304128K, 0% used [0x00000000eb500000,0x00000000eb500000,0x00000000fde00000)
  from space 13312K, 48% used [0x00000000fec00000,0x00000000ff259f70,0x00000000ff900000)
  to   space 13824K, 0% used [0x00000000fde00000,0x00000000fde00000,0x00000000feb80000)
 ParOldGen       total 72704K, used 44774K [0x00000000c1e00000, 0x00000000c6500000, 0x00000000eb500000)
  object space 72704K, 61% used [0x00000000c1e00000,0x00000000c49b9a28,0x00000000c6500000)
 Metaspace       used 73741K, capacity 78444K, committed 78808K, reserved 1118208K
  class space    used 9557K, capacity 10371K, committed 10496K, reserved 1048576K
Event: 2458.408 GC heap after
Heap after GC invocations=41 (full 13):
 PSYoungGen      total 317440K, used 0K [0x00000000eb500000, 0x00000000ff900000, 0x0000000100000000)
  eden space 304128K, 0% used [0x00000000eb500000,0x00000000eb500000,0x00000000fde00000)
  from space 13312K, 0% used [0x00000000fec00000,0x00000000fec00000,0x00000000ff900000)
  to   space 13824K, 0% used [0x00000000fde00000,0x00000000fde00000,0x00000000feb80000)
 ParOldGen       total 72704K, used 48404K [0x00000000c1e00000, 0x00000000c6500000, 0x00000000eb500000)
  object space 72704K, 66% used [0x00000000c1e00000,0x00000000c4d45010,0x00000000c6500000)
 Metaspace       used 73741K, capacity 78444K, committed 78808K, reserved 1118208K
  class space    used 9557K, capacity 10371K, committed 10496K, reserved 1048576K
}
Event: 2871.079 GC heap before
{Heap before GC invocations=42 (full 13):
 PSYoungGen      total 317440K, used 295016K [0x00000000eb500000, 0x00000000ff900000, 0x0000000100000000)
  eden space 304128K, 97% used [0x00000000eb500000,0x00000000fd51a2b8,0x00000000fde00000)
  from space 13312K, 0% used [0x00000000fec00000,0x00000000fec00000,0x00000000ff900000)
  to   space 13824K, 0% used [0x00000000fde00000,0x00000000fde00000,0x00000000feb80000)
 ParOldGen       total 72704K, used 48404K [0x00000000c1e00000, 0x00000000c6500000, 0x00000000eb500000)
  object space 72704K, 66% used [0x00000000c1e00000,0x00000000c4d45010,0x00000000c6500000)
 Metaspace       used 74470K, capacity 79292K, committed 79576K, reserved 1118208K
  class space    used 9587K, capacity 10417K, committed 10496K, reserved 1048576K
Event: 2871.114 GC heap after
Heap after GC invocations=42 (full 13):
 PSYoungGen      total 310784K, used 6471K [0x00000000eb500000, 0x00000000ff700000, 0x0000000100000000)
  eden space 304128K, 0% used [0x00000000eb500000,0x00000000eb500000,0x00000000fde00000)
  from space 6656K, 97% used [0x00000000fde00000,0x00000000fe451f70,0x00000000fe480000)
  to   space 12800K, 0% used [0x00000000fea80000,0x00000000fea80000,0x00000000ff700000)
 ParOldGen       total 72704K, used 48412K [0x00000000c1e00000, 0x00000000c6500000, 0x00000000eb500000)
  object space 72704K, 66% used [0x00000000c1e00000,0x00000000c4d47010,0x00000000c6500000)
 Metaspace       used 74470K, capacity 79292K, committed 79576K, reserved 1118208K
  class space    used 9587K, capacity 10417K, committed 10496K, reserved 1048576K
}
Event: 2871.114 GC heap before
{Heap before GC invocations=43 (full 14):
 PSYoungGen      total 310784K, used 6471K [0x00000000eb500000, 0x00000000ff700000, 0x0000000100000000)
  eden space 304128K, 0% used [0x00000000eb500000,0x00000000eb500000,0x00000000fde00000)
  from space 6656K, 97% used [0x00000000fde00000,0x00000000fe451f70,0x00000000fe480000)
  to   space 12800K, 0% used [0x00000000fea80000,0x00000000fea80000,0x00000000ff700000)
 ParOldGen       total 72704K, used 48412K [0x00000000c1e00000, 0x00000000c6500000, 0x00000000eb500000)
  object space 72704K, 66% used [0x00000000c1e00000,0x00000000c4d47010,0x00000000c6500000)
 Metaspace       used 74470K, capacity 79292K, committed 79576K, reserved 1118208K
  class space    used 9587K, capacity 10417K, committed 10496K, reserved 1048576K
Event: 2872.492 GC heap after
Heap after GC invocations=43 (full 14):
 PSYoungGen      total 310784K, used 0K [0x00000000eb500000, 0x00000000ff700000, 0x0000000100000000)
  eden space 304128K, 0% used [0x00000000eb500000,0x00000000eb500000,0x00000000fde00000)
  from space 6656K, 0% used [0x00000000fde00000,0x00000000fde00000,0x00000000fe480000)
  to   space 12800K, 0% used [0x00000000fea80000,0x00000000fea80000,0x00000000ff700000)
 ParOldGen       total 72704K, used 50536K [0x00000000c1e00000, 0x00000000c6500000, 0x00000000eb500000)
  object space 72704K, 69% used [0x00000000c1e00000,0x00000000c4f5a0e0,0x00000000c6500000)
 Metaspace       used 74439K, capacity 79244K, committed 79576K, reserved 1118208K
  class space    used 9583K, capacity 10409K, committed 10496K, reserved 1048576K
}
Event: 3072.114 GC heap before
{Heap before GC invocations=44 (full 14):
 PSYoungGen      total 310784K, used 283869K [0x00000000eb500000, 0x00000000ff700000, 0x0000000100000000)
  eden space 304128K, 93% used [0x00000000eb500000,0x00000000fca37550,0x00000000fde00000)
  from space 6656K, 0% used [0x00000000fde00000,0x00000000fde00000,0x00000000fe480000)
  to   space 12800K, 0% used [0x00000000fea80000,0x00000000fea80000,0x00000000ff700000)
 ParOldGen       total 72704K, used 50536K [0x00000000c1e00000, 0x00000000c6500000, 0x00000000eb500000)
  object space 72704K, 69% used [0x00000000c1e00000,0x00000000c4f5a0e0,0x00000000c6500000)
 Metaspace       used 75476K, capacity 80626K, committed 80728K, reserved 1120256K
  class space    used 9680K, capacity 10576K, committed 10624K, reserved 1048576K
Event: 3072.195 GC heap after
Heap after GC invocations=44 (full 14):
 PSYoungGen      total 315904K, used 6599K [0x00000000eb500000, 0x00000000ff600000, 0x0000000100000000)
  eden space 304128K, 0% used [0x00000000eb500000,0x00000000eb500000,0x00000000fde00000)
  from space 11776K, 56% used [0x00000000fea80000,0x00000000ff0f1f70,0x00000000ff600000)
  to   space 12288K, 0% used [0x00000000fde00000,0x00000000fde00000,0x00000000fea00000)
 ParOldGen       total 72704K, used 50544K [0x00000000c1e00000, 0x00000000c6500000, 0x00000000eb500000)
  object space 72704K, 69% used [0x00000000c1e00000,0x00000000c4f5c0e0,0x00000000c6500000)
 Metaspace       used 75476K, capacity 80626K, committed 80728K, reserved 1120256K
  class space    used 9680K, capacity 10576K, committed 10624K, reserved 1048576K
}
Event: 3072.195 GC heap before
{Heap before GC invocations=45 (full 15):
 PSYoungGen      total 315904K, used 6599K [0x00000000eb500000, 0x00000000ff600000, 0x0000000100000000)
  eden space 304128K, 0% used [0x00000000eb500000,0x00000000eb500000,0x00000000fde00000)
  from space 11776K, 56% used [0x00000000fea80000,0x00000000ff0f1f70,0x00000000ff600000)
  to   space 12288K, 0% used [0x00000000fde00000,0x00000000fde00000,0x00000000fea00000)
 ParOldGen       total 72704K, used 50544K [0x00000000c1e00000, 0x00000000c6500000, 0x00000000eb500000)
  object space 72704K, 69% used [0x00000000c1e00000,0x00000000c4f5c0e0,0x00000000c6500000)
 Metaspace       used 75476K, capacity 80626K, committed 80728K, reserved 1120256K
  class space    used 9680K, capacity 10576K, committed 10624K, reserved 1048576K
Event: 3073.897 GC heap after
Heap after GC invocations=45 (full 15):
 PSYoungGen      total 315904K, used 0K [0x00000000eb500000, 0x00000000ff600000, 0x0000000100000000)
  eden space 304128K, 0% used [0x00000000eb500000,0x00000000eb500000,0x00000000fde00000)
  from space 11776K, 0% used [0x00000000fea80000,0x00000000fea80000,0x00000000ff600000)
  to   space 12288K, 0% used [0x00000000fde00000,0x00000000fde00000,0x00000000fea00000)
 ParOldGen       total 72704K, used 53862K [0x00000000c1e00000, 0x00000000c6500000, 0x00000000eb500000)
  object space 72704K, 74% used [0x00000000c1e00000,0x00000000c5299b98,0x00000000c6500000)
 Metaspace       used 75476K, capacity 80626K, committed 80728K, reserved 1120256K
  class space    used 9680K, capacity 10576K, committed 10624K, reserved 1048576K
}

